
[22-Nov-2024 00:45:35 Asia/Colombo] PHP Deprecated:  strtotime(): Passing null to parameter #1 ($datetime) of type string is deprecated in C:\wamp64\www\Book-Store\actions\login.php on line 47
[22-Nov-2024 00:45:35 Asia/Colombo] PHP Stack trace:
[22-Nov-2024 00:45:35 Asia/Colombo] PHP   1. {main}() C:\wamp64\www\Book-Store\actions\login.php:0
[22-Nov-2024 00:45:35 Asia/Colombo] PHP   2. strtotime($datetime = NULL) C:\wamp64\www\Book-Store\actions\login.php:47
[22-Nov-2024 00:49:44 Asia/Colombo] PHP Deprecated:  strtotime(): Passing null to parameter #1 ($datetime) of type string is deprecated in C:\wamp64\www\Book-Store\actions\login.php on line 47
[22-Nov-2024 00:49:44 Asia/Colombo] PHP Stack trace:
[22-Nov-2024 00:49:44 Asia/Colombo] PHP   1. {main}() C:\wamp64\www\Book-Store\actions\login.php:0
[22-Nov-2024 00:49:44 Asia/Colombo] PHP   2. strtotime($datetime = NULL) C:\wamp64\www\Book-Store\actions\login.php:47
[22-Nov-2024 00:49:44 Asia/Colombo] PHP Notice:  session_start(): Ignoring session_start() because a session is already active in C:\wamp64\www\Book-Store\actions\login.php on line 64
[22-Nov-2024 00:49:44 Asia/Colombo] PHP Stack trace:
[22-Nov-2024 00:49:44 Asia/Colombo] PHP   1. {main}() C:\wamp64\www\Book-Store\actions\login.php:0
[22-Nov-2024 00:49:44 Asia/Colombo] PHP   2. session_start() C:\wamp64\www\Book-Store\actions\login.php:64
[22-Nov-2024 01:06:31 Asia/Colombo] PHP Deprecated:  strtotime(): Passing null to parameter #1 ($datetime) of type string is deprecated in C:\wamp64\www\Book-Store\actions\login.php on line 47
[22-Nov-2024 01:06:31 Asia/Colombo] PHP Stack trace:
[22-Nov-2024 01:06:31 Asia/Colombo] PHP   1. {main}() C:\wamp64\www\Book-Store\actions\login.php:0
[22-Nov-2024 01:06:31 Asia/Colombo] PHP   2. strtotime($datetime = NULL) C:\wamp64\www\Book-Store\actions\login.php:47
[22-Nov-2024 01:06:31 Asia/Colombo] PHP Notice:  session_start(): Ignoring session_start() because a session is already active in C:\wamp64\www\Book-Store\actions\login.php on line 64
[22-Nov-2024 01:06:31 Asia/Colombo] PHP Stack trace:
[22-Nov-2024 01:06:31 Asia/Colombo] PHP   1. {main}() C:\wamp64\www\Book-Store\actions\login.php:0
[22-Nov-2024 01:06:31 Asia/Colombo] PHP   2. session_start() C:\wamp64\www\Book-Store\actions\login.php:64
[27-Nov-2024 18:47:09 Asia/Colombo] PHP Deprecated:  strtotime(): Passing null to parameter #1 ($datetime) of type string is deprecated in C:\wamp64\www\Book-Store\actions\login.php on line 47
[27-Nov-2024 18:47:09 Asia/Colombo] PHP Stack trace:
[27-Nov-2024 18:47:09 Asia/Colombo] PHP   1. {main}() C:\wamp64\www\Book-Store\actions\login.php:0
[27-Nov-2024 18:47:09 Asia/Colombo] PHP   2. strtotime($datetime = NULL) C:\wamp64\www\Book-Store\actions\login.php:47
[27-Nov-2024 18:47:09 Asia/Colombo] PHP Notice:  session_start(): Ignoring session_start() because a session is already active in C:\wamp64\www\Book-Store\actions\login.php on line 64
[27-Nov-2024 18:47:09 Asia/Colombo] PHP Stack trace:
[27-Nov-2024 18:47:09 Asia/Colombo] PHP   1. {main}() C:\wamp64\www\Book-Store\actions\login.php:0
[27-Nov-2024 18:47:09 Asia/Colombo] PHP   2. session_start() C:\wamp64\www\Book-Store\actions\login.php:64
[27-Nov-2024 19:13:41 Asia/Colombo] PHP Deprecated:  strtotime(): Passing null to parameter #1 ($datetime) of type string is deprecated in C:\wamp64\www\Book-Store\actions\login.php on line 47
[27-Nov-2024 19:13:41 Asia/Colombo] PHP Stack trace:
[27-Nov-2024 19:13:41 Asia/Colombo] PHP   1. {main}() C:\wamp64\www\Book-Store\actions\login.php:0
[27-Nov-2024 19:13:41 Asia/Colombo] PHP   2. strtotime($datetime = NULL) C:\wamp64\www\Book-Store\actions\login.php:47
[27-Nov-2024 19:13:41 Asia/Colombo] PHP Notice:  session_start(): Ignoring session_start() because a session is already active in C:\wamp64\www\Book-Store\actions\login.php on line 64
[27-Nov-2024 19:13:41 Asia/Colombo] PHP Stack trace:
[27-Nov-2024 19:13:41 Asia/Colombo] PHP   1. {main}() C:\wamp64\www\Book-Store\actions\login.php:0
[27-Nov-2024 19:13:41 Asia/Colombo] PHP   2. session_start() C:\wamp64\www\Book-Store\actions\login.php:64
[27-Nov-2024 23:41:40 Asia/Colombo] PHP Deprecated:  strtotime(): Passing null to parameter #1 ($datetime) of type string is deprecated in C:\wamp64\www\Book-Store\actions\login.php on line 47
[27-Nov-2024 23:41:40 Asia/Colombo] PHP Stack trace:
[27-Nov-2024 23:41:40 Asia/Colombo] PHP   1. {main}() C:\wamp64\www\Book-Store\actions\login.php:0
[27-Nov-2024 23:41:40 Asia/Colombo] PHP   2. strtotime($datetime = NULL) C:\wamp64\www\Book-Store\actions\login.php:47
[27-Nov-2024 23:41:41 Asia/Colombo] PHP Notice:  session_start(): Ignoring session_start() because a session is already active in C:\wamp64\www\Book-Store\actions\login.php on line 64
[27-Nov-2024 23:41:41 Asia/Colombo] PHP Stack trace:
[27-Nov-2024 23:41:41 Asia/Colombo] PHP   1. {main}() C:\wamp64\www\Book-Store\actions\login.php:0
[27-Nov-2024 23:41:41 Asia/Colombo] PHP   2. session_start() C:\wamp64\www\Book-Store\actions\login.php:64
[29-Nov-2024 09:47:59 Asia/Colombo] PHP Notice:  session_start(): Ignoring session_start() because a session is already active in C:\wamp64\www\BookStore\actions\login.php on line 64
[29-Nov-2024 09:47:59 Asia/Colombo] PHP Stack trace:
[29-Nov-2024 09:47:59 Asia/Colombo] PHP   1. {main}() C:\wamp64\www\BookStore\actions\login.php:0
[29-Nov-2024 09:47:59 Asia/Colombo] PHP   2. session_start() C:\wamp64\www\BookStore\actions\login.php:64
[29-Nov-2024 10:02:15 Asia/Colombo] PHP Notice:  session_start(): Ignoring session_start() because a session is already active in C:\wamp64\www\BookStore\actions\login.php on line 64
[29-Nov-2024 10:02:15 Asia/Colombo] PHP Stack trace:
[29-Nov-2024 10:02:15 Asia/Colombo] PHP   1. {main}() C:\wamp64\www\BookStore\actions\login.php:0
[29-Nov-2024 10:02:15 Asia/Colombo] PHP   2. session_start() C:\wamp64\www\BookStore\actions\login.php:64
[29-Nov-2024 10:32:37 Asia/Colombo] PHP Notice:  session_start(): Ignoring session_start() because a session is already active in C:\wamp64\www\BookStore\actions\login.php on line 64
[29-Nov-2024 10:32:37 Asia/Colombo] PHP Stack trace:
[29-Nov-2024 10:32:37 Asia/Colombo] PHP   1. {main}() C:\wamp64\www\BookStore\actions\login.php:0
[29-Nov-2024 10:32:37 Asia/Colombo] PHP   2. session_start() C:\wamp64\www\BookStore\actions\login.php:64
[29-Nov-2024 10:34:17 Asia/Colombo] PHP Notice:  session_start(): Ignoring session_start() because a session is already active in C:\wamp64\www\BookStore\actions\login.php on line 64
[29-Nov-2024 10:34:17 Asia/Colombo] PHP Stack trace:
[29-Nov-2024 10:34:17 Asia/Colombo] PHP   1. {main}() C:\wamp64\www\BookStore\actions\login.php:0
[29-Nov-2024 10:34:17 Asia/Colombo] PHP   2. session_start() C:\wamp64\www\BookStore\actions\login.php:64
